<?xml version="1.0" encoding="UTF-8"?>
<testng-results ignored="0" total="2" passed="2" failed="0" skipped="0">
  <reporter-output>
    <line>
      <![CDATA[Before class is running]]>
    </line>
    <line>
      <![CDATA[Before method is running]]>
    </line>
    <line>
      <![CDATA[Test Method is running]]>
    </line>
    <line>
      <![CDATA[After method is running]]>
    </line>
    <line>
      <![CDATA[Before method is running]]>
    </line>
    <line>
      <![CDATA[Test Method1 is running]]>
    </line>
    <line>
      <![CDATA[After method is running]]>
    </line>
    <line>
      <![CDATA[After class is running]]>
    </line>
  </reporter-output>
  <suite started-at="2022-06-25T20:50:51 IST" name="Default suite" finished-at="2022-06-25T20:50:51 IST" duration-ms="123">
    <groups>
    </groups>
    <test started-at="2022-06-25T20:50:51 IST" name="Default test" finished-at="2022-06-25T20:50:51 IST" duration-ms="123">
      <class name="testNG.testClass">
        <test-method is-config="true" signature="launchBrowser()[pri:0, instance:testNG.testClass@121314f7]" started-at="2022-06-25T20:50:51 IST" name="launchBrowser" finished-at="2022-06-25T20:50:51 IST" duration-ms="15" status="PASS">
          <reporter-output>
            <line>
              <![CDATA[Before class is running]]>
            </line>
          </reporter-output>
        </test-method> <!-- launchBrowser -->
        <test-method is-config="true" signature="logIn()[pri:0, instance:testNG.testClass@121314f7]" started-at="2022-06-25T20:50:51 IST" name="logIn" finished-at="2022-06-25T20:50:51 IST" duration-ms="1" status="PASS">
          <reporter-output>
            <line>
              <![CDATA[Before method is running]]>
            </line>
          </reporter-output>
        </test-method> <!-- logIn -->
        <test-method signature="myTest3()[pri:0, instance:testNG.testClass@121314f7]" started-at="2022-06-25T20:50:51 IST" name="myTest3" finished-at="2022-06-25T20:50:51 IST" duration-ms="12" status="PASS">
          <reporter-output>
            <line>
              <![CDATA[Test Method is running]]>
            </line>
          </reporter-output>
        </test-method> <!-- myTest3 -->
        <test-method is-config="true" signature="logOut()[pri:0, instance:testNG.testClass@121314f7]" started-at="2022-06-25T20:50:51 IST" name="logOut" finished-at="2022-06-25T20:50:51 IST" duration-ms="1" status="PASS">
          <reporter-output>
            <line>
              <![CDATA[After method is running]]>
            </line>
          </reporter-output>
        </test-method> <!-- logOut -->
        <test-method is-config="true" signature="logIn()[pri:0, instance:testNG.testClass@121314f7]" started-at="2022-06-25T20:50:51 IST" name="logIn" finished-at="2022-06-25T20:50:51 IST" duration-ms="7" status="PASS">
          <reporter-output>
            <line>
              <![CDATA[Before method is running]]>
            </line>
          </reporter-output>
        </test-method> <!-- logIn -->
        <test-method signature="myTest4()[pri:0, instance:testNG.testClass@121314f7]" started-at="2022-06-25T20:50:51 IST" name="myTest4" finished-at="2022-06-25T20:50:51 IST" duration-ms="8" status="PASS">
          <reporter-output>
            <line>
              <![CDATA[Test Method1 is running]]>
            </line>
          </reporter-output>
        </test-method> <!-- myTest4 -->
        <test-method is-config="true" signature="logOut()[pri:0, instance:testNG.testClass@121314f7]" started-at="2022-06-25T20:50:51 IST" name="logOut" finished-at="2022-06-25T20:50:51 IST" duration-ms="1" status="PASS">
          <reporter-output>
            <line>
              <![CDATA[After method is running]]>
            </line>
          </reporter-output>
        </test-method> <!-- logOut -->
        <test-method is-config="true" signature="closeBrowser()[pri:0, instance:testNG.testClass@121314f7]" started-at="2022-06-25T20:50:51 IST" name="closeBrowser" finished-at="2022-06-25T20:50:51 IST" duration-ms="1" status="PASS">
          <reporter-output>
            <line>
              <![CDATA[After class is running]]>
            </line>
          </reporter-output>
        </test-method> <!-- closeBrowser -->
      </class> <!-- testNG.testClass -->
    </test> <!-- Default test -->
  </suite> <!-- Default suite -->
</testng-results>
